\BOOKMARK [1][-]{section.1}{Introduction}{}% 1
\BOOKMARK [2][-]{subsection.1.1}{Data processing of ATLAS}{section.1}% 2
\BOOKMARK [2][-]{subsection.1.2}{The Higgs Boson Machine Learning Challenge}{section.1}% 3
\BOOKMARK [2][-]{subsection.1.3}{Overview}{section.1}% 4
\BOOKMARK [1][-]{section.2}{Understanding the challenge}{}% 5
\BOOKMARK [2][-]{subsection.2.1}{The data}{section.2}% 6
\BOOKMARK [2][-]{subsection.2.2}{The classification problem}{section.2}% 7
\BOOKMARK [2][-]{subsection.2.3}{The evaluation}{section.2}% 8
\BOOKMARK [1][-]{section.3}{Methods of classification}{}% 9
\BOOKMARK [2][-]{subsection.3.1}{Basic data science methodology}{section.3}% 10
\BOOKMARK [2][-]{subsection.3.2}{Choosing the classifiers}{section.3}% 11
\BOOKMARK [2][-]{subsection.3.3}{Logistic Regression}{section.3}% 12
\BOOKMARK [2][-]{subsection.3.4}{K Nearest Neighbors classification}{section.3}% 13
\BOOKMARK [2][-]{subsection.3.5}{The winning submission}{section.3}% 14
\BOOKMARK [2][-]{subsection.3.6}{XGBoost}{section.3}% 15
\BOOKMARK [1][-]{section.4}{Impact of the challenge}{}% 16
\BOOKMARK [2][-]{subsection.4.1}{Comparison of methods}{section.4}% 17
\BOOKMARK [2][-]{subsection.4.2}{Impact on Kaggle and CERN}{section.4}% 18
\BOOKMARK [1][-]{section.5}{Conclusion}{}% 19
\BOOKMARK [2][-]{subsection.5.1}{Summary}{section.5}% 20
\BOOKMARK [2][-]{subsection.5.2}{Learned lessons regarding Kaggle}{section.5}% 21
\BOOKMARK [2][-]{subsection.5.3}{Regarding data science in physics}{section.5}% 22
\BOOKMARK [2][-]{subsection.5.4}{Own thoughts}{section.5}% 23
\BOOKMARK [1][-]{section*.19}{References}{}% 24
\BOOKMARK [1][-]{section*.20}{List of Figures}{}% 25
\BOOKMARK [1][-]{section*.21}{List of Tables}{}% 26
\BOOKMARK [1][-]{appendix.A}{The Code used for this Thesis}{}% 27
\BOOKMARK [2][-]{subsection.A.1}{Requirements}{appendix.A}% 28
\BOOKMARK [1][-]{appendix.B}{The detailed description of the features}{}% 29
