\BOOKMARK [1][-]{section.1}{Introduction}{}% 1
\BOOKMARK [2][-]{subsection.1.1}{The Higgs Boson and the ATLAS experiments}{section.1}% 2
\BOOKMARK [2][-]{subsection.1.2}{The Higgs Boson Machine Learning Challenge}{section.1}% 3
\BOOKMARK [2][-]{subsection.1.3}{Overview}{section.1}% 4
\BOOKMARK [1][-]{section.2}{Understanding the challenge}{}% 5
\BOOKMARK [2][-]{subsection.2.1}{The data}{section.2}% 6
\BOOKMARK [2][-]{subsection.2.2}{The formal problem}{section.2}% 7
\BOOKMARK [2][-]{subsection.2.3}{The evaluation}{section.2}% 8
\BOOKMARK [1][-]{section.3}{Methods of classification}{}% 9
\BOOKMARK [2][-]{subsection.3.1}{Basic data science methodology}{section.3}% 10
\BOOKMARK [2][-]{subsection.3.2}{Choosing the classifiers}{section.3}% 11
\BOOKMARK [2][-]{subsection.3.3}{Logistic regression}{section.3}% 12
\BOOKMARK [2][-]{subsection.3.4}{k-nn classification}{section.3}% 13
\BOOKMARK [2][-]{subsection.3.5}{The winning methods}{section.3}% 14
\BOOKMARK [1][-]{section.4}{Results on the Kaggle data}{}% 15
\BOOKMARK [2][-]{subsection.4.1}{k-nn classification }{section.4}% 16
\BOOKMARK [2][-]{subsection.4.2}{Comparision of all methods}{section.4}% 17
\BOOKMARK [1][-]{section.5}{Discussion}{}% 18
\BOOKMARK [2][-]{subsection.5.1}{Impact of the Challenge}{section.5}% 19
\BOOKMARK [1][-]{section*.10}{References}{}% 20
\BOOKMARK [1][-]{section*.11}{List of Figures}{}% 21
\BOOKMARK [1][-]{section*.12}{List of Tables}{}% 22
\BOOKMARK [1][-]{appendix.A}{The detailed description of the features}{}% 23
